1742425975.368017 client started (18673): version 3.4, socket /tmp/tmux-1000/default, protocol 8
1742425975.368096 on Linux 6.11.0-19-generic #19-Ubuntu SMP PREEMPT_DYNAMIC Wed Feb 12 21:43:43 UTC 2025
1742425975.368113 using libevent 2.1.12-stable poll
1742425975.368124 using ncurses 6.5 20240427
1742425975.368193 flags are 0x18010000
1742425975.368239 socket is /tmp/tmux-1000/default
1742425975.368273 trying connect
1742425975.368325 connect failed: No such file or directory
1742425975.368354 lock file is /tmp/tmux-1000/default.lock
1742425975.368435 flock succeeded
1742425975.368453 got lock (6)
1742425975.368489 trying connect
1742425975.368525 connect failed: No such file or directory
1742425975.369291 add peer 0x5f555b68dff0: 7 ((nil))
1742425975.370768 sending message 100 to peer 0x5f555b68dff0 (4 bytes)
1742425975.370814 sending message 111 to peer 0x5f555b68dff0 (8 bytes)
1742425975.370829 sending message 101 to peer 0x5f555b68dff0 (15 bytes)
1742425975.370841 sending message 109 to peer 0x5f555b68dff0 (4 bytes)
1742425975.370853 sending message 102 to peer 0x5f555b68dff0 (11 bytes)
1742425975.370865 sending message 108 to peer 0x5f555b68dff0 (24 bytes)
1742425975.370877 sending message 112 to peer 0x5f555b68dff0 (58 bytes)
1742425975.370889 sending message 112 to peer 0x5f555b68dff0 (5 bytes)
1742425975.370901 sending message 112 to peer 0x5f555b68dff0 (5 bytes)
1742425975.370914 sending message 112 to peer 0x5f555b68dff0 (6 bytes)
1742425975.370928 sending message 112 to peer 0x5f555b68dff0 (6 bytes)
1742425975.370939 sending message 112 to peer 0x5f555b68dff0 (11 bytes)
1742425975.370950 sending message 112 to peer 0x5f555b68dff0 (10 bytes)
1742425975.370961 sending message 112 to peer 0x5f555b68dff0 (13 bytes)
1742425975.370973 sending message 112 to peer 0x5f555b68dff0 (14 bytes)
1742425975.370984 sending message 112 to peer 0x5f555b68dff0 (19 bytes)
1742425975.370995 sending message 112 to peer 0x5f555b68dff0 (11 bytes)
1742425975.371006 sending message 112 to peer 0x5f555b68dff0 (10 bytes)
1742425975.371017 sending message 112 to peer 0x5f555b68dff0 (15 bytes)
1742425975.371028 sending message 112 to peer 0x5f555b68dff0 (21 bytes)
1742425975.371039 sending message 112 to peer 0x5f555b68dff0 (13 bytes)
1742425975.371050 sending message 112 to peer 0x5f555b68dff0 (7 bytes)
1742425975.371062 sending message 112 to peer 0x5f555b68dff0 (13 bytes)
1742425975.371072 sending message 112 to peer 0x5f555b68dff0 (7 bytes)
1742425975.371084 sending message 112 to peer 0x5f555b68dff0 (13 bytes)
1742425975.371095 sending message 112 to peer 0x5f555b68dff0 (9 bytes)
1742425975.371106 sending message 112 to peer 0x5f555b68dff0 (21 bytes)
1742425975.371117 sending message 112 to peer 0x5f555b68dff0 (13 bytes)
1742425975.371128 sending message 112 to peer 0x5f555b68dff0 (9 bytes)
1742425975.371139 sending message 112 to peer 0x5f555b68dff0 (16 bytes)
1742425975.371150 sending message 112 to peer 0x5f555b68dff0 (13 bytes)
1742425975.371161 sending message 112 to peer 0x5f555b68dff0 (9 bytes)
1742425975.371173 sending message 112 to peer 0x5f555b68dff0 (9 bytes)
1742425975.371184 sending message 112 to peer 0x5f555b68dff0 (12 bytes)
1742425975.371195 sending message 112 to peer 0x5f555b68dff0 (8 bytes)
1742425975.371206 sending message 112 to peer 0x5f555b68dff0 (8 bytes)
1742425975.371217 sending message 112 to peer 0x5f555b68dff0 (13 bytes)
1742425975.371228 sending message 112 to peer 0x5f555b68dff0 (7 bytes)
1742425975.371239 sending message 112 to peer 0x5f555b68dff0 (7 bytes)
1742425975.371250 sending message 112 to peer 0x5f555b68dff0 (9 bytes)
1742425975.371261 sending message 112 to peer 0x5f555b68dff0 (9 bytes)
1742425975.371272 sending message 112 to peer 0x5f555b68dff0 (15 bytes)
1742425975.371284 sending message 112 to peer 0x5f555b68dff0 (13 bytes)
1742425975.371295 sending message 112 to peer 0x5f555b68dff0 (12 bytes)
1742425975.371307 sending message 112 to peer 0x5f555b68dff0 (8 bytes)
1742425975.371318 sending message 112 to peer 0x5f555b68dff0 (14 bytes)
1742425975.371330 sending message 112 to peer 0x5f555b68dff0 (11 bytes)
1742425975.371366 sending message 112 to peer 0x5f555b68dff0 (9 bytes)
1742425975.371379 sending message 112 to peer 0x5f555b68dff0 (10 bytes)
1742425975.371454 sending message 112 to peer 0x5f555b68dff0 (10 bytes)
1742425975.371476 sending message 112 to peer 0x5f555b68dff0 (10 bytes)
1742425975.371488 sending message 112 to peer 0x5f555b68dff0 (10 bytes)
1742425975.371499 sending message 112 to peer 0x5f555b68dff0 (11 bytes)
1742425975.371510 sending message 112 to peer 0x5f555b68dff0 (12 bytes)
1742425975.371521 sending message 112 to peer 0x5f555b68dff0 (12 bytes)
1742425975.371532 sending message 112 to peer 0x5f555b68dff0 (12 bytes)
1742425975.371543 sending message 112 to peer 0x5f555b68dff0 (12 bytes)
1742425975.371554 sending message 112 to peer 0x5f555b68dff0 (12 bytes)
1742425975.371565 sending message 112 to peer 0x5f555b68dff0 (11 bytes)
1742425975.371576 sending message 112 to peer 0x5f555b68dff0 (11 bytes)
1742425975.371586 sending message 112 to peer 0x5f555b68dff0 (12 bytes)
1742425975.371597 sending message 112 to peer 0x5f555b68dff0 (12 bytes)
1742425975.371608 sending message 112 to peer 0x5f555b68dff0 (12 bytes)
1742425975.371619 sending message 112 to peer 0x5f555b68dff0 (12 bytes)
1742425975.371631 sending message 112 to peer 0x5f555b68dff0 (12 bytes)
1742425975.371641 sending message 112 to peer 0x5f555b68dff0 (9 bytes)
1742425975.371652 sending message 112 to peer 0x5f555b68dff0 (12 bytes)
1742425975.371664 sending message 112 to peer 0x5f555b68dff0 (13 bytes)
1742425975.371675 sending message 112 to peer 0x5f555b68dff0 (13 bytes)
1742425975.371686 sending message 112 to peer 0x5f555b68dff0 (13 bytes)
1742425975.371697 sending message 112 to peer 0x5f555b68dff0 (13 bytes)
1742425975.371708 sending message 112 to peer 0x5f555b68dff0 (13 bytes)
1742425975.371719 sending message 112 to peer 0x5f555b68dff0 (8 bytes)
1742425975.371730 sending message 112 to peer 0x5f555b68dff0 (11 bytes)
1742425975.371741 sending message 112 to peer 0x5f555b68dff0 (11 bytes)
1742425975.371753 sending message 112 to peer 0x5f555b68dff0 (11 bytes)
1742425975.371764 sending message 112 to peer 0x5f555b68dff0 (12 bytes)
1742425975.371776 sending message 112 to peer 0x5f555b68dff0 (12 bytes)
1742425975.371787 sending message 112 to peer 0x5f555b68dff0 (12 bytes)
1742425975.371798 sending message 112 to peer 0x5f555b68dff0 (12 bytes)
1742425975.371810 sending message 112 to peer 0x5f555b68dff0 (13 bytes)
1742425975.371821 sending message 112 to peer 0x5f555b68dff0 (13 bytes)
1742425975.371832 sending message 112 to peer 0x5f555b68dff0 (13 bytes)
1742425975.371843 sending message 112 to peer 0x5f555b68dff0 (8 bytes)
1742425975.371854 sending message 112 to peer 0x5f555b68dff0 (13 bytes)
1742425975.371865 sending message 112 to peer 0x5f555b68dff0 (13 bytes)
1742425975.371876 sending message 112 to peer 0x5f555b68dff0 (13 bytes)
1742425975.371887 sending message 112 to peer 0x5f555b68dff0 (13 bytes)
1742425975.371898 sending message 112 to peer 0x5f555b68dff0 (13 bytes)
1742425975.371909 sending message 112 to peer 0x5f555b68dff0 (12 bytes)
1742425975.371920 sending message 112 to peer 0x5f555b68dff0 (12 bytes)
1742425975.371932 sending message 112 to peer 0x5f555b68dff0 (12 bytes)
1742425975.371943 sending message 112 to peer 0x5f555b68dff0 (12 bytes)
1742425975.371954 sending message 112 to peer 0x5f555b68dff0 (13 bytes)
1742425975.371965 sending message 112 to peer 0x5f555b68dff0 (8 bytes)
1742425975.371977 sending message 112 to peer 0x5f555b68dff0 (13 bytes)
1742425975.371988 sending message 112 to peer 0x5f555b68dff0 (13 bytes)
1742425975.372000 sending message 112 to peer 0x5f555b68dff0 (13 bytes)
1742425975.372011 sending message 112 to peer 0x5f555b68dff0 (13 bytes)
1742425975.372022 sending message 112 to peer 0x5f555b68dff0 (13 bytes)
1742425975.372033 sending message 112 to peer 0x5f555b68dff0 (13 bytes)
1742425975.372044 sending message 112 to peer 0x5f555b68dff0 (13 bytes)
1742425975.372055 sending message 112 to peer 0x5f555b68dff0 (12 bytes)
1742425975.372066 sending message 112 to peer 0x5f555b68dff0 (12 bytes)
1742425975.372094 sending message 112 to peer 0x5f555b68dff0 (12 bytes)
1742425975.372106 sending message 112 to peer 0x5f555b68dff0 (8 bytes)
1742425975.372117 sending message 112 to peer 0x5f555b68dff0 (12 bytes)
1742425975.372129 sending message 112 to peer 0x5f555b68dff0 (13 bytes)
1742425975.372140 sending message 112 to peer 0x5f555b68dff0 (13 bytes)
1742425975.372152 sending message 112 to peer 0x5f555b68dff0 (13 bytes)
1742425975.372164 sending message 112 to peer 0x5f555b68dff0 (13 bytes)
1742425975.372175 sending message 112 to peer 0x5f555b68dff0 (13 bytes)
1742425975.372186 sending message 112 to peer 0x5f555b68dff0 (13 bytes)
1742425975.372197 sending message 112 to peer 0x5f555b68dff0 (13 bytes)
1742425975.372208 sending message 112 to peer 0x5f555b68dff0 (13 bytes)
1742425975.372220 sending message 112 to peer 0x5f555b68dff0 (12 bytes)
1742425975.372231 sending message 112 to peer 0x5f555b68dff0 (10 bytes)
1742425975.372242 sending message 112 to peer 0x5f555b68dff0 (12 bytes)
1742425975.372253 sending message 112 to peer 0x5f555b68dff0 (12 bytes)
1742425975.372263 sending message 112 to peer 0x5f555b68dff0 (12 bytes)
1742425975.372275 sending message 112 to peer 0x5f555b68dff0 (13 bytes)
1742425975.372286 sending message 112 to peer 0x5f555b68dff0 (13 bytes)
1742425975.372296 sending message 112 to peer 0x5f555b68dff0 (13 bytes)
1742425975.372307 sending message 112 to peer 0x5f555b68dff0 (13 bytes)
1742425975.372318 sending message 112 to peer 0x5f555b68dff0 (13 bytes)
1742425975.372329 sending message 112 to peer 0x5f555b68dff0 (13 bytes)
1742425975.372340 sending message 112 to peer 0x5f555b68dff0 (13 bytes)
1742425975.372351 sending message 112 to peer 0x5f555b68dff0 (10 bytes)
1742425975.372363 sending message 112 to peer 0x5f555b68dff0 (13 bytes)
1742425975.372374 sending message 112 to peer 0x5f555b68dff0 (12 bytes)
1742425975.372411 sending message 112 to peer 0x5f555b68dff0 (12 bytes)
1742425975.372430 sending message 112 to peer 0x5f555b68dff0 (12 bytes)
1742425975.372441 sending message 112 to peer 0x5f555b68dff0 (10 bytes)
1742425975.372452 sending message 112 to peer 0x5f555b68dff0 (10 bytes)
1742425975.372463 sending message 112 to peer 0x5f555b68dff0 (10 bytes)
1742425975.372474 sending message 112 to peer 0x5f555b68dff0 (12 bytes)
1742425975.372487 sending message 112 to peer 0x5f555b68dff0 (13 bytes)
1742425975.372498 sending message 112 to peer 0x5f555b68dff0 (13 bytes)
1742425975.372509 sending message 112 to peer 0x5f555b68dff0 (13 bytes)
1742425975.372520 sending message 112 to peer 0x5f555b68dff0 (13 bytes)
1742425975.372531 sending message 112 to peer 0x5f555b68dff0 (13 bytes)
1742425975.372543 sending message 112 to peer 0x5f555b68dff0 (10 bytes)
1742425975.372554 sending message 112 to peer 0x5f555b68dff0 (11 bytes)
1742425975.372565 sending message 112 to peer 0x5f555b68dff0 (12 bytes)
1742425975.372576 sending message 112 to peer 0x5f555b68dff0 (12 bytes)
1742425975.372587 sending message 112 to peer 0x5f555b68dff0 (12 bytes)
1742425975.372598 sending message 112 to peer 0x5f555b68dff0 (12 bytes)
1742425975.372612 sending message 112 to peer 0x5f555b68dff0 (12 bytes)
1742425975.372623 sending message 112 to peer 0x5f555b68dff0 (11 bytes)
1742425975.372635 sending message 112 to peer 0x5f555b68dff0 (12 bytes)
1742425975.372646 sending message 112 to peer 0x5f555b68dff0 (12 bytes)
1742425975.372658 sending message 112 to peer 0x5f555b68dff0 (13 bytes)
1742425975.372674 sending message 112 to peer 0x5f555b68dff0 (13 bytes)
1742425975.372685 sending message 112 to peer 0x5f555b68dff0 (13 bytes)
1742425975.372696 sending message 112 to peer 0x5f555b68dff0 (13 bytes)
1742425975.372708 sending message 112 to peer 0x5f555b68dff0 (13 bytes)
1742425975.372719 sending message 112 to peer 0x5f555b68dff0 (10 bytes)
1742425975.372730 sending message 112 to peer 0x5f555b68dff0 (9 bytes)
1742425975.372741 sending message 112 to peer 0x5f555b68dff0 (12 bytes)
1742425975.372752 sending message 112 to peer 0x5f555b68dff0 (13 bytes)
1742425975.372763 sending message 112 to peer 0x5f555b68dff0 (13 bytes)
1742425975.372792 sending message 112 to peer 0x5f555b68dff0 (13 bytes)
1742425975.372803 sending message 112 to peer 0x5f555b68dff0 (13 bytes)
1742425975.372815 sending message 112 to peer 0x5f555b68dff0 (13 bytes)
1742425975.372826 sending message 112 to peer 0x5f555b68dff0 (9 bytes)
1742425975.372837 sending message 112 to peer 0x5f555b68dff0 (12 bytes)
1742425975.372849 sending message 112 to peer 0x5f555b68dff0 (13 bytes)
1742425975.372860 sending message 112 to peer 0x5f555b68dff0 (13 bytes)
1742425975.372871 sending message 112 to peer 0x5f555b68dff0 (13 bytes)
1742425975.372882 sending message 112 to peer 0x5f555b68dff0 (13 bytes)
1742425975.372893 sending message 112 to peer 0x5f555b68dff0 (13 bytes)
1742425975.372904 sending message 112 to peer 0x5f555b68dff0 (11 bytes)
1742425975.372915 sending message 112 to peer 0x5f555b68dff0 (12 bytes)
1742425975.372926 sending message 112 to peer 0x5f555b68dff0 (13 bytes)
1742425975.372938 sending message 112 to peer 0x5f555b68dff0 (13 bytes)
1742425975.372949 sending message 112 to peer 0x5f555b68dff0 (13 bytes)
1742425975.372960 sending message 112 to peer 0x5f555b68dff0 (13 bytes)
1742425975.372972 sending message 112 to peer 0x5f555b68dff0 (13 bytes)
1742425975.372983 sending message 112 to peer 0x5f555b68dff0 (11 bytes)
1742425975.372994 sending message 112 to peer 0x5f555b68dff0 (12 bytes)
1742425975.373006 sending message 112 to peer 0x5f555b68dff0 (12 bytes)
1742425975.373017 sending message 112 to peer 0x5f555b68dff0 (12 bytes)
1742425975.373028 sending message 112 to peer 0x5f555b68dff0 (12 bytes)
1742425975.373040 sending message 112 to peer 0x5f555b68dff0 (12 bytes)
1742425975.373051 sending message 112 to peer 0x5f555b68dff0 (21 bytes)
1742425975.373063 sending message 112 to peer 0x5f555b68dff0 (12 bytes)
1742425975.373075 sending message 112 to peer 0x5f555b68dff0 (9 bytes)
1742425975.373086 sending message 112 to peer 0x5f555b68dff0 (6 bytes)
1742425975.373098 sending message 112 to peer 0x5f555b68dff0 (13 bytes)
1742425975.373110 sending message 112 to peer 0x5f555b68dff0 (10 bytes)
1742425975.373122 sending message 112 to peer 0x5f555b68dff0 (24 bytes)
1742425975.373133 sending message 112 to peer 0x5f555b68dff0 (13 bytes)
1742425975.373145 sending message 112 to peer 0x5f555b68dff0 (9 bytes)
1742425975.373156 sending message 112 to peer 0x5f555b68dff0 (70 bytes)
1742425975.373168 sending message 112 to peer 0x5f555b68dff0 (69 bytes)
1742425975.373180 sending message 112 to peer 0x5f555b68dff0 (12 bytes)
1742425975.373191 sending message 112 to peer 0x5f555b68dff0 (10 bytes)
1742425975.373202 sending message 112 to peer 0x5f555b68dff0 (10 bytes)
1742425975.373213 sending message 112 to peer 0x5f555b68dff0 (24 bytes)
1742425975.373225 sending message 112 to peer 0x5f555b68dff0 (13 bytes)
1742425975.373236 sending message 112 to peer 0x5f555b68dff0 (10 bytes)
1742425975.373248 sending message 112 to peer 0x5f555b68dff0 (10 bytes)
1742425975.373260 sending message 112 to peer 0x5f555b68dff0 (10 bytes)
1742425975.373271 sending message 112 to peer 0x5f555b68dff0 (13 bytes)
1742425975.373283 sending message 112 to peer 0x5f555b68dff0 (15 bytes)
1742425975.373294 sending message 112 to peer 0x5f555b68dff0 (5 bytes)
1742425975.373310 sending message 104 to peer 0x5f555b68dff0 (0 bytes)
1742425975.373325 sending message 110 to peer 0x5f555b68dff0 (0 bytes)
1742425975.373340 sending message 107 to peer 0x5f555b68dff0 (4 bytes)
1742425975.373352 sending message 105 to peer 0x5f555b68dff0 (16 bytes)
1742425975.373364 sending message 105 to peer 0x5f555b68dff0 (80 bytes)
1742425975.373377 sending message 105 to peer 0x5f555b68dff0 (19 bytes)
1742425975.373409 sending message 105 to peer 0x5f555b68dff0 (20 bytes)
1742425975.373427 sending message 105 to peer 0x5f555b68dff0 (45 bytes)
1742425975.373438 sending message 105 to peer 0x5f555b68dff0 (22 bytes)
1742425975.373450 sending message 105 to peer 0x5f555b68dff0 (23 bytes)
1742425975.373464 sending message 105 to peer 0x5f555b68dff0 (44 bytes)
1742425975.373476 sending message 105 to peer 0x5f555b68dff0 (32 bytes)
1742425975.373504 sending message 105 to peer 0x5f555b68dff0 (41 bytes)
1742425975.373517 sending message 105 to peer 0x5f555b68dff0 (51 bytes)
1742425975.373529 sending message 105 to peer 0x5f555b68dff0 (20 bytes)
1742425975.373541 sending message 105 to peer 0x5f555b68dff0 (23 bytes)
1742425975.373553 sending message 105 to peer 0x5f555b68dff0 (19 bytes)
1742425975.373565 sending message 105 to peer 0x5f555b68dff0 (28 bytes)
1742425975.373577 sending message 105 to peer 0x5f555b68dff0 (28 bytes)
1742425975.373591 sending message 105 to peer 0x5f555b68dff0 (16 bytes)
1742425975.373603 sending message 105 to peer 0x5f555b68dff0 (27 bytes)
1742425975.373616 sending message 105 to peer 0x5f555b68dff0 (25 bytes)
1742425975.373627 sending message 105 to peer 0x5f555b68dff0 (22 bytes)
1742425975.373639 sending message 105 to peer 0x5f555b68dff0 (54 bytes)
1742425975.373650 sending message 105 to peer 0x5f555b68dff0 (19 bytes)
1742425975.373661 sending message 105 to peer 0x5f555b68dff0 (17 bytes)
1742425975.373672 sending message 105 to peer 0x5f555b68dff0 (18 bytes)
1742425975.373683 sending message 105 to peer 0x5f555b68dff0 (17 bytes)
1742425975.373696 sending message 105 to peer 0x5f555b68dff0 (1817 bytes)
1742425975.373747 sending message 105 to peer 0x5f555b68dff0 (33 bytes)
1742425975.373760 sending message 105 to peer 0x5f555b68dff0 (144 bytes)
1742425975.373772 sending message 105 to peer 0x5f555b68dff0 (20 bytes)
1742425975.373783 sending message 105 to peer 0x5f555b68dff0 (17 bytes)
1742425975.373794 sending message 105 to peer 0x5f555b68dff0 (26 bytes)
1742425975.373806 sending message 105 to peer 0x5f555b68dff0 (70 bytes)
1742425975.373817 sending message 105 to peer 0x5f555b68dff0 (86 bytes)
1742425975.373829 sending message 105 to peer 0x5f555b68dff0 (38 bytes)
1742425975.373841 sending message 105 to peer 0x5f555b68dff0 (23 bytes)
1742425975.373853 sending message 105 to peer 0x5f555b68dff0 (23 bytes)
1742425975.373864 sending message 105 to peer 0x5f555b68dff0 (20 bytes)
1742425975.373875 sending message 105 to peer 0x5f555b68dff0 (13 bytes)
1742425975.373886 sending message 105 to peer 0x5f555b68dff0 (30 bytes)
1742425975.373897 sending message 105 to peer 0x5f555b68dff0 (11 bytes)
1742425975.373908 sending message 105 to peer 0x5f555b68dff0 (8 bytes)
1742425975.373919 sending message 105 to peer 0x5f555b68dff0 (35 bytes)
1742425975.373931 sending message 105 to peer 0x5f555b68dff0 (14 bytes)
1742425975.373943 sending message 105 to peer 0x5f555b68dff0 (18 bytes)
1742425975.373954 sending message 105 to peer 0x5f555b68dff0 (47 bytes)
1742425975.373966 sending message 105 to peer 0x5f555b68dff0 (50 bytes)
1742425975.373977 sending message 105 to peer 0x5f555b68dff0 (31 bytes)
1742425975.373989 sending message 105 to peer 0x5f555b68dff0 (47 bytes)
1742425975.374001 sending message 105 to peer 0x5f555b68dff0 (53 bytes)
1742425975.374013 sending message 105 to peer 0x5f555b68dff0 (79 bytes)
1742425975.374024 sending message 105 to peer 0x5f555b68dff0 (262 bytes)
1742425975.374036 sending message 105 to peer 0x5f555b68dff0 (18 bytes)
1742425975.374048 sending message 105 to peer 0x5f555b68dff0 (18 bytes)
1742425975.374059 sending message 105 to peer 0x5f555b68dff0 (54 bytes)
1742425975.374070 sending message 105 to peer 0x5f555b68dff0 (37 bytes)
1742425975.374082 sending message 105 to peer 0x5f555b68dff0 (24 bytes)
1742425975.374093 sending message 105 to peer 0x5f555b68dff0 (16 bytes)
1742425975.374104 sending message 106 to peer 0x5f555b68dff0 (0 bytes)
1742425975.374267 sending message 200 to peer 0x5f555b68dff0 (4 bytes)
1742425975.374286 client loop enter
1742425975.374339 client_signal: Child exited
1742425975.611915 peer 0x5f555b68dff0 message 207
1742425975.611970 sending message 208 to peer 0x5f555b68dff0 (0 bytes)
1742425991.773608 peer 0x5f555b68dff0 message 210
1742425991.773671 sending message 205 to peer 0x5f555b68dff0 (0 bytes)
1742425991.775088 peer 0x5f555b68dff0 message 204
1742425991.775140 client loop exit
